C:\Program Files (x86)\Microsoft Visual Studio\2017\Community\Common7\IDE\VC\VCTargets\Microsoft.CppBuild.targets(387,5): warning MSB8028: The intermediate directory (Debug\) contains files shared from another project (Final Project - Census.vcxproj).  This can lead to incorrect clean and rebuild behavior.
  ValidationFunctions.c
c:\users\planetkrater\desktop\set 151 - c 1\week 13 - 15\census read\census read\validationfunctions.c(76): warning C4013: 'StringEmpty' undefined; assuming extern returning int
c:\users\planetkrater\desktop\set 151 - c 1\week 13 - 15\census read\census read\validationfunctions.c(84): warning C4013: 'TrimWhiteSpace' undefined; assuming extern returning int
c:\users\planetkrater\desktop\set 151 - c 1\week 13 - 15\census read\census read\validationfunctions.c(92): warning C4013: 'StringCopy' undefined; assuming extern returning int
c:\users\planetkrater\desktop\set 151 - c 1\week 13 - 15\census read\census read\validationfunctions.c(83): warning C4996: 'scanf': This function or variable may be unsafe. Consider using scanf_s instead. To disable deprecation, use _CRT_SECURE_NO_WARNINGS. See online help for details.
  c:\program files (x86)\windows kits\10\include\10.0.14393.0\ucrt\stdio.h(1269): note: see declaration of 'scanf'
c:\users\planetkrater\desktop\set 151 - c 1\week 13 - 15\census read\census read\validationfunctions.c(120): warning C4013: 'StringToProperCase' undefined; assuming extern returning int
c:\users\planetkrater\desktop\set 151 - c 1\week 13 - 15\census read\census read\validationfunctions.c(118): warning C4996: 'scanf': This function or variable may be unsafe. Consider using scanf_s instead. To disable deprecation, use _CRT_SECURE_NO_WARNINGS. See online help for details.
  c:\program files (x86)\windows kits\10\include\10.0.14393.0\ucrt\stdio.h(1269): note: see declaration of 'scanf'
c:\users\planetkrater\desktop\set 151 - c 1\week 13 - 15\census read\census read\validationfunctions.c(123): warning C4996: 'scanf': This function or variable may be unsafe. Consider using scanf_s instead. To disable deprecation, use _CRT_SECURE_NO_WARNINGS. See online help for details.
  c:\program files (x86)\windows kits\10\include\10.0.14393.0\ucrt\stdio.h(1269): note: see declaration of 'scanf'
c:\users\planetkrater\desktop\set 151 - c 1\week 13 - 15\census read\census read\validationfunctions.c(163): warning C4996: 'scanf': This function or variable may be unsafe. Consider using scanf_s instead. To disable deprecation, use _CRT_SECURE_NO_WARNINGS. See online help for details.
  c:\program files (x86)\windows kits\10\include\10.0.14393.0\ucrt\stdio.h(1269): note: see declaration of 'scanf'
c:\users\planetkrater\desktop\set 151 - c 1\week 13 - 15\census read\census read\validationfunctions.c(198): warning C4996: 'scanf': This function or variable may be unsafe. Consider using scanf_s instead. To disable deprecation, use _CRT_SECURE_NO_WARNINGS. See online help for details.
  c:\program files (x86)\windows kits\10\include\10.0.14393.0\ucrt\stdio.h(1269): note: see declaration of 'scanf'
c:\users\planetkrater\desktop\set 151 - c 1\week 13 - 15\census read\census read\validationfunctions.c(236): warning C4996: 'scanf': This function or variable may be unsafe. Consider using scanf_s instead. To disable deprecation, use _CRT_SECURE_NO_WARNINGS. See online help for details.
  c:\program files (x86)\windows kits\10\include\10.0.14393.0\ucrt\stdio.h(1269): note: see declaration of 'scanf'
c:\users\planetkrater\desktop\set 151 - c 1\week 13 - 15\census read\census read\validationfunctions.c(277): warning C4013: 'StringLength' undefined; assuming extern returning int
c:\users\planetkrater\desktop\set 151 - c 1\week 13 - 15\census read\census read\validationfunctions.c(282): warning C4013: 'FindLetterNextIndex' undefined; assuming extern returning int
c:\users\planetkrater\desktop\set 151 - c 1\week 13 - 15\census read\census read\validationfunctions.c(292): warning C4013: 'StringMid' undefined; assuming extern returning int
c:\users\planetkrater\desktop\set 151 - c 1\week 13 - 15\census read\census read\validationfunctions.c(405): warning C4101: 'audtCensusCodesList': unreferenced local variable
  StringFunctions.c
  Main.c
c:\users\planetkrater\desktop\set 151 - c 1\week 13 - 15\census read\census read\main.c(54): warning C4013: 'CensusCodes' undefined; assuming extern returning int
c:\users\planetkrater\desktop\set 151 - c 1\week 13 - 15\census read\census read\main.c(63): warning C4013: 'FileRead' undefined; assuming extern returning int
c:\users\planetkrater\desktop\set 151 - c 1\week 13 - 15\census read\census read\main.c(120): warning C4047: '=': 'char' differs in levels of indirection from 'char [1]'
c:\users\planetkrater\desktop\set 151 - c 1\week 13 - 15\census read\census read\main.c(139): warning C4013: 'TotalCompleted' undefined; assuming extern returning int
c:\users\planetkrater\desktop\set 151 - c 1\week 13 - 15\census read\census read\main.c(142): warning C4013: 'TotalCompletedByCounty' undefined; assuming extern returning int
c:\users\planetkrater\desktop\set 151 - c 1\week 13 - 15\census read\census read\main.c(145): warning C4013: 'TotalCompletedByRace' undefined; assuming extern returning int
c:\users\planetkrater\desktop\set 151 - c 1\week 13 - 15\census read\census read\main.c(148): warning C4013: 'AverageIncome' undefined; assuming extern returning int
c:\users\planetkrater\desktop\set 151 - c 1\week 13 - 15\census read\census read\main.c(151): warning C4013: 'AverageIncomeByCountyState' undefined; assuming extern returning int
c:\users\planetkrater\desktop\set 151 - c 1\week 13 - 15\census read\census read\main.c(154): warning C4013: 'AverageIncomeByRace' undefined; assuming extern returning int
c:\users\planetkrater\desktop\set 151 - c 1\week 13 - 15\census read\census read\main.c(157): warning C4013: 'PercentageBelowPoverty' undefined; assuming extern returning int
c:\users\planetkrater\desktop\set 151 - c 1\week 13 - 15\census read\census read\main.c(160): warning C4013: 'PercentageBelowPovertyByCountyState' undefined; assuming extern returning int
c:\users\planetkrater\desktop\set 151 - c 1\week 13 - 15\census read\census read\main.c(163): warning C4013: 'PercentageBelowPovertyByRace' undefined; assuming extern returning int
c:\users\planetkrater\desktop\set 151 - c 1\week 13 - 15\census read\census read\main.c(126): warning C4996: 'scanf': This function or variable may be unsafe. Consider using scanf_s instead. To disable deprecation, use _CRT_SECURE_NO_WARNINGS. See online help for details.
  c:\program files (x86)\windows kits\10\include\10.0.14393.0\ucrt\stdio.h(1269): note: see declaration of 'scanf'
c:\users\planetkrater\desktop\set 151 - c 1\week 13 - 15\census read\census read\main.c(202): warning C4013: 'StringCopy' undefined; assuming extern returning int
  File.c
c:\users\planetkrater\desktop\set 151 - c 1\week 13 - 15\census read\census read\file.c(102): warning C4013: 'StringEmpty' undefined; assuming extern returning int
c:\users\planetkrater\desktop\set 151 - c 1\week 13 - 15\census read\census read\file.c(76): warning C4996: 'fopen': This function or variable may be unsafe. Consider using fopen_s instead. To disable deprecation, use _CRT_SECURE_NO_WARNINGS. See online help for details.
  c:\program files (x86)\windows kits\10\include\10.0.14393.0\ucrt\stdio.h(207): note: see declaration of 'fopen'
c:\users\planetkrater\desktop\set 151 - c 1\week 13 - 15\census read\census read\file.c(128): warning C4996: 'fopen': This function or variable may be unsafe. Consider using fopen_s instead. To disable deprecation, use _CRT_SECURE_NO_WARNINGS. See online help for details.
  c:\program files (x86)\windows kits\10\include\10.0.14393.0\ucrt\stdio.h(207): note: see declaration of 'fopen'
c:\users\planetkrater\desktop\set 151 - c 1\week 13 - 15\census read\census read\file.c(156): warning C4013: 'TrimStartWhiteSpace' undefined; assuming extern returning int
c:\users\planetkrater\desktop\set 151 - c 1\week 13 - 15\census read\census read\file.c(173): warning C4013: 'StringCopy' undefined; assuming extern returning int
c:\users\planetkrater\desktop\set 151 - c 1\week 13 - 15\census read\census read\file.c(206): warning C4013: 'StringLength' undefined; assuming extern returning int
c:\users\planetkrater\desktop\set 151 - c 1\week 13 - 15\census read\census read\file.c(210): warning C4013: 'FindLetterNextIndex' undefined; assuming extern returning int
c:\users\planetkrater\desktop\set 151 - c 1\week 13 - 15\census read\census read\file.c(215): warning C4013: 'StringMid' undefined; assuming extern returning int
c:\users\planetkrater\desktop\set 151 - c 1\week 13 - 15\census read\census read\file.c(217): warning C4013: 'TrimWhiteSpace' undefined; assuming extern returning int
c:\users\planetkrater\desktop\set 151 - c 1\week 13 - 15\census read\census read\file.c(223): warning C4013: 'ValidateDate' undefined; assuming extern returning int
c:\users\planetkrater\desktop\set 151 - c 1\week 13 - 15\census read\census read\file.c(226): warning C4013: 'GetDate' undefined; assuming extern returning int
c:\users\planetkrater\desktop\set 151 - c 1\week 13 - 15\census read\census read\file.c(235): warning C4013: 'ValidOneDimCensusCode' undefined; assuming extern returning int
c:\users\planetkrater\desktop\set 151 - c 1\week 13 - 15\census read\census read\file.c(238): warning C4013: 'ValidCountyCode' undefined; assuming extern returning int
c:\users\planetkrater\desktop\set 151 - c 1\week 13 - 15\census read\census read\file.c(243): warning C4013: 'GetCountyState' undefined; assuming extern returning int
c:\users\planetkrater\desktop\set 151 - c 1\week 13 - 15\census read\census read\file.c(256): warning C4013: 'GetRace' undefined; assuming extern returning int
c:\users\planetkrater\desktop\set 151 - c 1\week 13 - 15\census read\census read\file.c(264): warning C4013: 'ValidateNumeric' undefined; assuming extern returning int
c:\users\planetkrater\desktop\set 151 - c 1\week 13 - 15\census read\census read\file.c(267): warning C4013: 'GetHouseholdSize' undefined; assuming extern returning int
c:\users\planetkrater\desktop\set 151 - c 1\week 13 - 15\census read\census read\file.c(281): warning C4013: 'GetHouseholdIncome' undefined; assuming extern returning int
c:\users\planetkrater\desktop\set 151 - c 1\week 13 - 15\census read\census read\file.c(308): warning C4013: 'StringTrimStart' undefined; assuming extern returning int
  CensusCodes.c
c:\users\planetkrater\desktop\set 151 - c 1\week 13 - 15\census read\census read\censuscodes.c(81): warning C4013: 'StringCopy' undefined; assuming extern returning int
c:\users\planetkrater\desktop\set 151 - c 1\week 13 - 15\census read\census read\censuscodes.c(151): warning C4013: 'StringLength' undefined; assuming extern returning int
c:\users\planetkrater\desktop\set 151 - c 1\week 13 - 15\census read\census read\censuscodes.c(165): warning C4013: 'PrintWhiteSpace' undefined; assuming extern returning int
  Actions.c
c:\users\planetkrater\desktop\set 151 - c 1\week 13 - 15\census read\census read\actions.c(99): warning C4013: 'StringCompareSame' undefined; assuming extern returning int
c:\users\planetkrater\desktop\set 151 - c 1\week 13 - 15\census read\census read\actions.c(364): warning C4244: '=': conversion from 'double' to 'float', possible loss of data
c:\users\planetkrater\desktop\set 151 - c 1\week 13 - 15\census read\census read\actions.c(480): warning C4244: 'initializing': conversion from 'double' to 'int', possible loss of data
c:\users\planetkrater\desktop\set 151 - c 1\week 13 - 15\census read\census read\actions.c(481): warning C4244: 'initializing': conversion from 'double' to 'int', possible loss of data
  Generating Code...
  Final Project - Census.vcxproj -> C:\Users\planetkrater\Desktop\SET 151 - C 1\Week 13 - 15\Census Read\Debug\Census Read.exe
  Final Project - Census.vcxproj -> C:\Users\planetkrater\Desktop\SET 151 - C 1\Week 13 - 15\Census Read\Debug\Census Read.pdb (Partial PDB)
